<?xml version="1.0" encoding="UTF-8"?>
<testsuite xmlns:xsi="http://www.w3.org/2001/XMLSchema-instance" xsi:noNamespaceSchemaLocation="https://maven.apache.org/surefire/maven-surefire-plugin/xsd/surefire-test-report-3.0.xsd" version="3.0" name="TestingFrontend" time="0.095" tests="2" errors="0" skipped="2" failures="0">
  <properties>
    <property name="java.specification.version" value="23"/>
    <property name="sun.jnu.encoding" value="UTF-8"/>
    <property name="java.class.path" value="/Users/abi_consan/Library/CloudStorage/OneDrive-Personal/Homework/Second Year - Second Semester/Software Design and Analysis/GitHub/Da-Team-Project/target/test-classes:/Users/abi_consan/Library/CloudStorage/OneDrive-Personal/Homework/Second Year - Second Semester/Software Design and Analysis/GitHub/Da-Team-Project/target/classes:/Users/abi_consan/.m2/repository/junit/junit/4.13.2/junit-4.13.2.jar:/Users/abi_consan/.m2/repository/org/hamcrest/hamcrest-core/1.3/hamcrest-core-1.3.jar:/Users/abi_consan/.m2/repository/com/google/code/gson/gson/2.8.9/gson-2.8.9.jar:"/>
    <property name="java.vm.vendor" value="Oracle Corporation"/>
    <property name="sun.arch.data.model" value="64"/>
    <property name="java.vendor.url" value="https://java.oracle.com/"/>
    <property name="os.name" value="Mac OS X"/>
    <property name="java.vm.specification.version" value="23"/>
    <property name="sun.java.launcher" value="SUN_STANDARD"/>
    <property name="user.country" value="CA"/>
    <property name="sun.boot.library.path" value="/Users/abi_consan/Library/Java/JavaVirtualMachines/openjdk-23.0.2/Contents/Home/lib"/>
    <property name="sun.java.command" value="/Users/abi_consan/Library/CloudStorage/OneDrive-Personal/Homework/Second Year - Second Semester/Software Design and Analysis/GitHub/Da-Team-Project/target/surefire/surefirebooter-20250405155846352_3.jar /Users/abi_consan/Library/CloudStorage/OneDrive-Personal/Homework/Second Year - Second Semester/Software Design and Analysis/GitHub/Da-Team-Project/target/surefire 2025-04-05T15-58-46_180-jvmRun1 surefire-20250405155846352_1tmp surefire_0-20250405155846352_2tmp"/>
    <property name="http.nonProxyHosts" value="local|*.local|169.254/16|*.169.254/16"/>
    <property name="jdk.debug" value="release"/>
    <property name="surefire.test.class.path" value="/Users/abi_consan/Library/CloudStorage/OneDrive-Personal/Homework/Second Year - Second Semester/Software Design and Analysis/GitHub/Da-Team-Project/target/test-classes:/Users/abi_consan/Library/CloudStorage/OneDrive-Personal/Homework/Second Year - Second Semester/Software Design and Analysis/GitHub/Da-Team-Project/target/classes:/Users/abi_consan/.m2/repository/junit/junit/4.13.2/junit-4.13.2.jar:/Users/abi_consan/.m2/repository/org/hamcrest/hamcrest-core/1.3/hamcrest-core-1.3.jar:/Users/abi_consan/.m2/repository/com/google/code/gson/gson/2.8.9/gson-2.8.9.jar:"/>
    <property name="sun.cpu.endian" value="little"/>
    <property name="user.home" value="/Users/abi_consan"/>
    <property name="user.language" value="en"/>
    <property name="java.specification.vendor" value="Oracle Corporation"/>
    <property name="java.version.date" value="2025-01-21"/>
    <property name="java.home" value="/Users/abi_consan/Library/Java/JavaVirtualMachines/openjdk-23.0.2/Contents/Home"/>
    <property name="file.separator" value="/"/>
    <property name="basedir" value="/Users/abi_consan/Library/CloudStorage/OneDrive-Personal/Homework/Second Year - Second Semester/Software Design and Analysis/GitHub/Da-Team-Project"/>
    <property name="java.vm.compressedOopsMode" value="Zero based"/>
    <property name="line.separator" value="&#10;"/>
    <property name="java.vm.specification.vendor" value="Oracle Corporation"/>
    <property name="java.specification.name" value="Java Platform API Specification"/>
    <property name="apple.awt.application.name" value="ForkedBooter"/>
    <property name="surefire.real.class.path" value="/Users/abi_consan/Library/CloudStorage/OneDrive-Personal/Homework/Second Year - Second Semester/Software Design and Analysis/GitHub/Da-Team-Project/target/surefire/surefirebooter-20250405155846352_3.jar"/>
    <property name="sun.management.compiler" value="HotSpot 64-Bit Tiered Compilers"/>
    <property name="ftp.nonProxyHosts" value="local|*.local|169.254/16|*.169.254/16"/>
    <property name="java.runtime.version" value="23.0.2+7-58"/>
    <property name="user.name" value="abi_consan"/>
    <property name="stdout.encoding" value="UTF-8"/>
    <property name="path.separator" value=":"/>
    <property name="os.version" value="15.2"/>
    <property name="java.runtime.name" value="OpenJDK Runtime Environment"/>
    <property name="file.encoding" value="UTF-8"/>
    <property name="java.vm.name" value="OpenJDK 64-Bit Server VM"/>
    <property name="localRepository" value="/Users/abi_consan/.m2/repository"/>
    <property name="java.vendor.url.bug" value="https://bugreport.java.com/bugreport/"/>
    <property name="java.io.tmpdir" value="/var/folders/0b/_c86g16s5nv5mdl6pjbh4ff00000gn/T/"/>
    <property name="idea.version" value="2024.3.5"/>
    <property name="java.version" value="23.0.2"/>
    <property name="user.dir" value="/Users/abi_consan/Library/CloudStorage/OneDrive-Personal/Homework/Second Year - Second Semester/Software Design and Analysis/GitHub/Da-Team-Project"/>
    <property name="os.arch" value="x86_64"/>
    <property name="java.vm.specification.name" value="Java Virtual Machine Specification"/>
    <property name="native.encoding" value="UTF-8"/>
    <property name="java.library.path" value="/Users/abi_consan/Library/Java/Extensions:/Library/Java/Extensions:/Network/Library/Java/Extensions:/System/Library/Java/Extensions:/usr/lib/java:."/>
    <property name="java.vm.info" value="mixed mode, sharing"/>
    <property name="stderr.encoding" value="UTF-8"/>
    <property name="java.vendor" value="Oracle Corporation"/>
    <property name="java.vm.version" value="23.0.2+7-58"/>
    <property name="sun.io.unicode.encoding" value="UnicodeBig"/>
    <property name="socksNonProxyHosts" value="local|*.local|169.254/16|*.169.254/16"/>
    <property name="java.class.version" value="67.0"/>
  </properties>
  <testcase name="testTeamSearchUpdatesListModel" classname="TestingFrontend" time="0.0">
    <skipped/>
  </testcase>
  <testcase name="testDriverSearchUpdatesListModel" classname="TestingFrontend" time="0.0">
    <skipped/>
  </testcase>
</testsuite>